<?xml version="1.0" encoding="UTF-8"?>
<!-- Generated by org.testng.reporters.JUnitXMLReporter -->
<testsuite ignored="1" hostname="irfan.local" failures="0" tests="2" name="SmokeTests" time="0.05" errors="0" timestamp="2025-06-26T16:54:07 CEST">
  <testcase classname="FirstTest" name="testCheckout" time="0.009"/>
  <testcase classname="FirstTest" name="testLogin" time="0.001"/>
  <testcase classname="FirstTest" name="testAddToCart" time="0.0">
    <ignored/>
  </testcase> <!-- testAddToCart -->
</testsuite> <!-- SmokeTests -->
