<?xml version="1.0" encoding="UTF-8"?>
<testng-results ignored="0" total="2" passed="2" failed="0" skipped="0">
  <reporter-output>
  </reporter-output>
  <suite started-at="2025-06-27T23:58:22 CEST" name="Default suite" finished-at="2025-06-27T23:58:31 CEST" duration-ms="8716">
    <groups>
    </groups>
    <test started-at="2025-06-27T23:58:22 CEST" name="Default test" finished-at="2025-06-27T23:58:31 CEST" duration-ms="8716">
      <class name="tests.LoginTest">
        <test-method is-config="true" signature="setUp()[pri:0, instance:tests.LoginTest@6771beb3]" started-at="2025-06-27T23:58:22 CEST" name="setUp" finished-at="2025-06-27T23:58:27 CEST" duration-ms="4418" status="PASS">
          <reporter-output>
          </reporter-output>
        </test-method> <!-- setUp -->
        <test-method signature="testLogin(java.lang.String,java.lang.String)[pri:0, instance:tests.LoginTest@6771beb3]" started-at="2025-06-27T23:58:27 CEST" name="testLogin" data-provider="loginCredentials" finished-at="2025-06-27T23:58:28 CEST" duration-ms="1489" status="PASS">
          <params>
            <param index="0">
              <value>
                <![CDATA[standard_user]]>
              </value>
            </param>
            <param index="1">
              <value>
                <![CDATA[secret_sauce]]>
              </value>
            </param>
          </params>
          <reporter-output>
          </reporter-output>
        </test-method> <!-- testLogin -->
        <test-method is-config="true" signature="tearDown()[pri:0, instance:tests.LoginTest@6771beb3]" started-at="2025-06-27T23:58:28 CEST" name="tearDown" finished-at="2025-06-27T23:58:28 CEST" duration-ms="123" status="PASS">
          <reporter-output>
          </reporter-output>
        </test-method> <!-- tearDown -->
        <test-method is-config="true" signature="setUp()[pri:0, instance:tests.LoginTest@6771beb3]" started-at="2025-06-27T23:58:28 CEST" name="setUp" finished-at="2025-06-27T23:58:30 CEST" duration-ms="2071" status="PASS">
          <reporter-output>
          </reporter-output>
        </test-method> <!-- setUp -->
        <test-method signature="testLogin(java.lang.String,java.lang.String)[pri:0, instance:tests.LoginTest@6771beb3]" started-at="2025-06-27T23:58:30 CEST" name="testLogin" data-provider="loginCredentials" finished-at="2025-06-27T23:58:31 CEST" duration-ms="438" status="PASS">
          <params>
            <param index="0">
              <value>
                <![CDATA[locked_out_user]]>
              </value>
            </param>
            <param index="1">
              <value>
                <![CDATA[secret_sauce]]>
              </value>
            </param>
          </params>
          <reporter-output>
          </reporter-output>
        </test-method> <!-- testLogin -->
        <test-method is-config="true" signature="tearDown()[pri:0, instance:tests.LoginTest@6771beb3]" started-at="2025-06-27T23:58:31 CEST" name="tearDown" finished-at="2025-06-27T23:58:31 CEST" duration-ms="127" status="PASS">
          <reporter-output>
          </reporter-output>
        </test-method> <!-- tearDown -->
      </class> <!-- tests.LoginTest -->
    </test> <!-- Default test -->
  </suite> <!-- Default suite -->
</testng-results>
